<?xml version="1.0" encoding="UTF-8"?>
<!-- Generated by org.testng.reporters.JUnitReportReporter -->
<testsuite hostname="DESKTOP-ML284IJ" failures="0" tests="4" name="com.camlin.testCases.TC_SearchDDT_001" time="31.367" errors="0" timestamp="2022-09-14T14:43:43 IST" skipped="0">
  <testcase classname="com.camlin.testCases.TC_SearchDDT_001" name="searchDDT" time="10.598"/>
  <system-out/>
  <testcase classname="com.camlin.testCases.TC_SearchDDT_001" name="searchDDT" time="7.541"/>
  <system-out/>
  <testcase classname="com.camlin.testCases.TC_SearchDDT_001" name="searchDDT" time="6.699"/>
  <system-out/>
  <testcase classname="com.camlin.testCases.TC_SearchDDT_001" name="searchDDT" time="6.529"/>
  <system-out/>
</testsuite> <!-- com.camlin.testCases.TC_SearchDDT_001 -->
